== CODE ==
0000 - 0A000040 - jmp 0x0040
0004 - 11600000 - in r6, port#0
0008 - 0950000A - li r5, #10
000C - 06650000 - cmp r6, r5
0010 - 0B000034 - jz 0x0034
0014 - 09500030 - li r5, #48
0018 - 02650000 - sub r6, r5
001C - 07501140 - ld r5, [r0+0x1140]
0020 - 0940000A - li r4, #10
0024 - 03540000 - mul r5, r4
0028 - 01560000 - add r5, r6
002C - 08501140 - st r5, [r0+0x1140]
0030 - 0A00003C - jmp 0x003C
0034 - 09500001 - li r5, #1
0038 - 08501144 - st r5, [r0+0x1144]
003C - 14000000 - iret
0040 - 09701800 - li r7, #6144
0044 - 09400000 - li r4, #0
0048 - 07501200 - ld r5, [r0+0x1200]
004C - 09200004 - li r2, #4
0050 - 03520000 - mul r5, r2
0054 - 06450000 - cmp r4, r5
0058 - 10000070 - jge 0x0070
005C - 07341204 - ld r3, [r4+0x1204]
0060 - 12030001 - out r3, port#1
0064 - 09200004 - li r2, #4
0068 - 01420000 - add r4, r2
006C - 0A000054 - jmp 0x0054
0070 - 13000000 - halt

== DATA ==
1200 - 0C000000 - .word 12
1204 - 48000000 - .word 72  ; 'H'
1208 - 45000000 - .word 69  ; 'E'
120C - 4C000000 - .word 76  ; 'L'
1210 - 4C000000 - .word 76  ; 'L'
1214 - 4F000000 - .word 79  ; 'O'
1218 - 20000000 - .word 32  ; ' '
121C - 4D000000 - .word 77  ; 'M'
1220 - 59000000 - .word 89  ; 'Y'
1224 - 20000000 - .word 32  ; ' '
1228 - 42000000 - .word 66  ; 'B'
122C - 52000000 - .word 82  ; 'R'
1230 - 4F000000 - .word 79  ; 'O'
